Peta OkeOce Zoo

Di kiri ada hewan
Hewan ini tinggal di : darat
Hewan ini tergabung di famili Equidaedan dengan nama spesies Equus quagga
Its like a horse but black and white
Hewan ini tinggal di : darat
Hewan ini tergabung di famili Cervidaedan dengan nama spesies Rangifer tarandus
It's a Reindeer
Hewan ini tinggal di : darat
Hewan ini tergabung di famili Cervidaedan dengan nama spesies Alces alces
MOOOOOOOOOSE
Hewan ini tinggal di : darat
Hewan ini tergabung di famili Equidaedan dengan nama spesies Equus caballus
Neiiiiigh!
Hewan ini tinggal di : darat
Hewan ini tergabung di famili Equidaedan dengan nama spesies Equus africanus asinus
Hee-haw
Hewan ini tinggal di : darat
Hewan ini tergabung di famili Felidaedan dengan nama spesies Prionailurus viverrinus
Meow!
Hewan ini tinggal di : darat
Hewan ini tergabung di famili Canidaedan dengan nama spesies Canis lupus familiaris
Woof!
Hewan ini tinggal di : darat
Hewan ini tergabung di famili Canidaedan dengan nama spesies Vulpes lagopus
What does the fox says : Mikoon

Di kanan ada hewan
Hewan ini tinggal di : darat
Hewan ini tergabung di famili Felidaedan dengan nama spesies Panthera leo
ROAAARRR!
